\BOOKMARK [0][-]{chapter.1}{\040Motivation}{}% 1
\BOOKMARK [1][-]{section.1.1}{Coexistence\040Issues\040in\040IEEE\040802.11\040WLANs}{chapter.1}% 2
\BOOKMARK [1][-]{section.1.2}{Resource\040Allocation\040in\040Overlapping\040IEEE\040802.11\040WLANs}{chapter.1}% 3
\BOOKMARK [1][-]{section.1.3}{Document\040Structure}{chapter.1}% 4
\BOOKMARK [0][-]{chapter.2}{\040Current\040Techniques\040to\040Improve\040the\040Spatial\040Reuse\040in\040Wireless\040Networks}{}% 5
\BOOKMARK [1][-]{section.2.1}{Dynamic\040Spectrum\040Access}{chapter.2}% 6
\BOOKMARK [1][-]{section.2.2}{Transmit\040Power\040Adjustment\040Solutions}{chapter.2}% 7
\BOOKMARK [1][-]{section.2.3}{Carrier\040Sense\040Threshold\040Adjustment\040Solutions}{chapter.2}% 8
\BOOKMARK [0][-]{chapter.3}{\040State\040of\040the\040Art}{}% 9
\BOOKMARK [1][-]{section.3.1}{Previous\040Work\040in\040Dynamic\040Channel\040Selection}{chapter.3}% 10
\BOOKMARK [1][-]{section.3.2}{Previous\040Work\040in\040Transmit\040Power\040Control}{chapter.3}% 11
\BOOKMARK [1][-]{section.3.3}{Carrier\040Sense\040Threshold\040Adjustment\040Solutions}{chapter.3}% 12
\BOOKMARK [1][-]{section.3.4}{Transmit\040Power\040and\040CST\040Relationship}{chapter.3}% 13
\BOOKMARK [2][-]{subsection.3.4.1}{Tuning\040TPC,\040CCA\040and\040Data\040Rate\040in\040Multi-hop\040Wireless\040Networks}{section.3.4}% 14
\BOOKMARK [2][-]{subsection.3.4.2}{Gibbs\040Sampler\040for\040Power\040Control}{section.3.4}% 15
\BOOKMARK [1][-]{section.3.5}{Reinforcement\040Learning\040for\040improving\040Spatial\040Reuse}{chapter.3}% 16
\BOOKMARK [2][-]{subsection.3.5.1}{Graphical\040Games\040and\040Nash\040Equilibria\040in\040WNs}{section.3.5}% 17
\BOOKMARK [2][-]{subsection.3.5.2}{Previous\040Work\040in\040RL\040for\040WNs}{section.3.5}% 18
\BOOKMARK [1][-]{section.3.6}{State-of-the-Art\040Summary}{chapter.3}% 19
\BOOKMARK [0][-]{chapter.4}{\040Ongoing\040Work\040and\040Contributions}{}% 20
\BOOKMARK [1][-]{section.4.1}{Wireless\040Networking\040Through\040Learning}{chapter.4}% 21
\BOOKMARK [1][-]{section.4.2}{Other\040Projects}{chapter.4}% 22
\BOOKMARK [2][-]{subsection.4.2.1}{Enhancing\040Access\040Point\040Association\040Process\040through\040Learning}{section.4.2}% 23
\BOOKMARK [2][-]{subsection.4.2.2}{Development\040of\040an\040IEEE\040802.11ax\040Event-Based\040Simulator}{section.4.2}% 24
\BOOKMARK [1][-]{section.4.3}{Validation}{chapter.4}% 25
\BOOKMARK [2][-]{subsection.4.3.1}{Analytical\040Models}{section.4.3}% 26
\BOOKMARK [2][-]{subsection.4.3.2}{Simulators}{section.4.3}% 27
\BOOKMARK [2][-]{subsection.4.3.3}{Scenarios}{section.4.3}% 28
\BOOKMARK [0][-]{chapter.5}{\040Planning\040and\040Future\040Work}{}% 29
\BOOKMARK [1][-]{section.5.1}{Gantt\040Diagram}{chapter.5}% 30
\BOOKMARK [1][-]{section.5.2}{Other\040Research\040Lines}{chapter.5}% 31
